
SQL*Loader: Release 23.0.0.0.0 - Production on Thu Jan 23 00:50:51 2025
Version 23.4.0.24.05

Copyright (c) 1982, 2024, Oracle and/or its affiliates.  All rights reserved.

Control File:   ODBCAPTURE/ELEMENT_CONF.ctl
Data File:      ODBCAPTURE/ELEMENT_CONF.csv
  Bad File:     ODBCAPTURE/ELEMENT_CONF.bad
  Discard File:  none specified
 
 (Allow all discards)

Number to load: ALL
Number to skip: 1
Errors allowed: 50
Bind array:     250 rows, maximum of 1048576 bytes
Continuation:    none specified
Path used:      Conventional
Silent options: FEEDBACK
Table "ODBCAPTURE"."ELEMENT_CONF", loaded from every logical record.
Insert option in effect for this table: APPEND
TRAILING NULLCOLS option in effect

   Column Name                  Position   Len  Term Encl Datatype
------------------------------ ---------- ----- ---- ---- ---------------------
ELEMENT_SEQ                         FIRST     *   ,  O(") CHARACTER            
ELEMENT_NAME                         NEXT    20   ,  O(") CHARACTER            
FILE_EXT1                            NEXT     6   ,  O(") CHARACTER            
FILE_EXT2                            NEXT     6   ,  O(") CHARACTER            
FILE_EXT3                            NEXT     6   ,  O(") CHARACTER            
OBJECT_TYPE                          NEXT    30   ,  O(") CHARACTER            
NAME_CHECK_OBJECT_TYPE               NEXT    30   ,  O(") CHARACTER            
PRE_COMPILE                          NEXT     1   ,  O(") CHARACTER            
NOTES                                NEXT  1024   ,  O(") CHARACTER            


Table "ODBCAPTURE"."ELEMENT_CONF":
  41 Rows successfully loaded.
  0 Rows not loaded due to data errors.
  0 Rows not loaded because all WHEN clauses were failed.
  0 Rows not loaded because all fields were null.


Space allocated for bind array:                 349500 bytes(250 rows)
Read   buffer bytes: 1048576

Total logical records skipped:          1
Total logical records read:            41
Total logical records rejected:         0
Total logical records discarded:        0

Run began on Thu Jan 23 00:50:51 2025
Run ended on Thu Jan 23 00:50:51 2025

Elapsed time was:     00:00:00.31
CPU time was:         00:00:00.03
