build.sh
Running from /home/duane/DMSTEX_dev/ODBCapture.demo/builds/OnPrem_EE213

Setup Variables

build_initialize.sql

SQL*Plus: Release 23.0.0.0.0 - Production on Thu Sep 26 02:55:17 2024
Version 23.4.0.24.05

Copyright (c) 1982, 2024, Oracle.  All rights reserved.


Connected to:
Oracle Database 21c Enterprise Edition Release 21.0.0.0.0 - Production
Version 21.3.0.0.0


New Session
Connected.

Reset Output Connections

PL/SQL procedure successfully completed.

Elapsed: 00:00:00.01

Show Database Connection

'DB:'||NAME||',CON:'||SYS_CONTEXT('USERENV','CON_NAME')||',TSTMP:'||SYSTIMESTAMP
------------------------------------------------------------------------------------------------------------------------------------------------------------------------------------------------------------------------------------------------------------------------------------------------------------------------------------------------------------------------------------------------------------------------------------------------------------------------------------------------------------------------------------------------------------------------------------------------------------------------------------------------------------------------------------------------------------------------------------------------------------------------------------------------------------------------------------------------------------------------------------------------------------------------------------------------------------------------------------------------------------------------------------------------------------------------------------------------------------------
db: EE213CDB, con: CDB$ROOT, tstmp: 26-SEP-24 07.55.18.105828 AM +00:00

Elapsed: 00:00:00.00

Show PDBs

    CON_ID CON_NAME			  OPEN MODE  RESTRICTED
---------- ------------------------------ ---------- ----------
	 2 PDB$SEED			  READ ONLY  NO
	 3 TESTPDB			  READ WRITE NO
	 4 E213PDB1			  READ WRITE NO

Create PDB
create pluggable database "DEVPDB"
  admin user "PDB_ADMIN" identified by "PDB_ADMIN_Password"
  default tablespace users datafile '/opt/oracle/oradata/EE213CDB/DEVPDB/users01.dbf' size 5M autoextend on
  FILE_NAME_CONVERT = ('pdbseed', 'DEVPDB')
  STORAGE UNLIMITED TEMPFILE REUSE;

PL/SQL procedure successfully completed.

Elapsed: 00:00:19.89

Open PDB

Pluggable database altered.

Elapsed: 00:00:06.53

Show Services

NAME
------------------------------------------------------------------------------------------------------------------------------------------------------------------------------------------------
EE213CDB
e213pdb1
SYS$BACKGROUND
SYS$USERS
testpdb
devpdb
EE213CDBXDB

7 rows selected.

Elapsed: 00:00:00.01

Update DEFAULT Profile

Session altered.

Elapsed: 00:00:00.04

Profile altered.

Elapsed: 00:00:00.09

Session altered.

Elapsed: 00:00:00.00
Disconnected from Oracle Database 21c Enterprise Edition Release 21.0.0.0.0 - Production
Version 21.3.0.0.0

Clear old ss_src logs
