=== DBI Started: SYSTEM/MEDIA_DIR.dir

Directory created.


Grant succeeded.

=== DBI Completed at 2025-02-07T06:26:35 for a duration of .09 seconds (started at 2025-02-07T06:26:35)
=== DBI Started: SYSTEM/SS_OE_XMLDIR.dir

Directory created.


Grant succeeded.


Grant succeeded.

=== DBI Completed at 2025-02-07T06:26:35 for a duration of .12 seconds (started at 2025-02-07T06:26:35)
=== DBI Started: SYSTEM/SUBDIR.dir

Directory created.


Grant succeeded.


Grant succeeded.

=== DBI Completed at 2025-02-07T06:26:35 for a duration of .13 seconds (started at 2025-02-07T06:26:35)
=== DBI Started: SYSTEM/HR_usr.grnt

Grant succeeded.


Grant succeeded.


Grant succeeded.


Grant succeeded.


Grant succeeded.


Grant succeeded.


Grant succeeded.


Grant succeeded.


Grant succeeded.

=== DBI Completed at 2025-02-07T06:26:35 for a duration of .41 seconds (started at 2025-02-07T06:26:35)
=== DBI Started: SYSTEM/OE_usr.grnt

Grant succeeded.


Grant succeeded.


Grant succeeded.


Grant succeeded.


Grant succeeded.


Grant succeeded.


Grant succeeded.


Grant succeeded.


Grant succeeded.

=== DBI Completed at 2025-02-07T06:26:36 for a duration of .49 seconds (started at 2025-02-07T06:26:35)
=== DBI Started: SYSTEM/PM_usr.grnt

Grant succeeded.


Grant succeeded.


Grant succeeded.

=== DBI Completed at 2025-02-07T06:26:36 for a duration of .16 seconds (started at 2025-02-07T06:26:36)
