=== DBI Started: ./installation_prepare.sql

Create Temp Publicly Updateable Table

Table created.


Grant succeeded.


Synonym created.


Check for Prerequisite BUILD_TYPEs
Prerequisite BUILD_TYPEs for "grbxrep"
 -) "grbsrc" last loaded on 23-Jan-2025 06:51:01

PL/SQL procedure successfully completed.

=== DBI Completed at 2025-01-23T06:51:06 for a duration of .08 seconds (started at 2025-01-23T06:51:06)
=== DBI Started: ODBCAPTURE/GRAB_XDB_REPO.pkssql

Package created.

=== DBI Completed at 2025-01-23T06:51:06 for a duration of .03 seconds (started at 2025-01-23T06:51:06)
Compile All started

PL/SQL procedure successfully completed.

Compile All is done.
=== DBI Started: ODBCAPTURE/OBJ_INSTALL_XDB_REPO_VIEW.vw

View created.


View created.

=== DBI Completed at 2025-01-23T06:51:07 for a duration of .08 seconds (started at 2025-01-23T06:51:07)
=== DBI Started: ODBCAPTURE/GRAB_XDB_REPO.pkbsql

Package body created.

=== DBI Completed at 2025-01-23T06:51:07 for a duration of .09 seconds (started at 2025-01-23T06:51:07)
=== DBI Started: ./installation_finalize.sql

Drop Temp Publicly Updateable Table

Synonym dropped.


Table dropped.


fix_invalid_public_synonyms

Re-create Invalid Public Synonyms

PL/SQL procedure successfully completed.


compile_all
Compile All started
ODBCAPTURE Compiled.
Compile All is done.

PL/SQL procedure successfully completed.


alter_foreign_keys_ENABLE
Alter Foreign Keys started.
  ENABLE 'ODBCAPTURE'
alter table "ODBCAPTURE"."BUILD_PATH" ENABLE constraint "BUILD_PATH_FK1";
alter table "ODBCAPTURE"."BUILD_PATH" ENABLE constraint "BUILD_PATH_FK2";
alter table "ODBCAPTURE"."DLOAD_CONF" ENABLE constraint "DLOAD_CONF_FK1";
alter table "ODBCAPTURE"."DLOAD_CONF" ENABLE constraint "DLOAD_CONF_FK2";
alter table "ODBCAPTURE"."OBJECT_CONF" ENABLE constraint "OBJECT_CONF_FK1";
alter table "ODBCAPTURE"."OBJECT_CONF" ENABLE constraint "OBJECT_CONF_FK2";
alter table "ODBCAPTURE"."OBJECT_CONF" ENABLE constraint "OBJECT_CONF_FK3";
alter table "ODBCAPTURE"."ROLE_CONF" ENABLE constraint "ROLE_CONF_FK1";
alter table "ODBCAPTURE"."SCHEMA_CONF" ENABLE constraint "SCHEMA_CONF_FK1";
alter table "ODBCAPTURE"."TSPACE_CONF" ENABLE constraint "TSPACE_CONF_FK1";
Alter Foreign Keys is done.

PL/SQL procedure successfully completed.


alter_triggers_ENABLE
Alter Triggers started.
  ENABLE 'ODBCAPTURE'
Alter Triggers is done.

PL/SQL procedure successfully completed.


update_id_sequences
Update ID Sequences started
Identity Sequence Updates is done.

PL/SQL procedure successfully completed.


Switch Spooling Off
