=== DBI Started: ./installation_prepare.sql

Create Temp Publicly Updateable Table

Table created.


Grant succeeded.


Synonym created.


Check for Prerequisite BUILD_TYPEs
Prerequisite BUILD_TYPEs for "ss_grb"
 -) "grbxrep" last loaded on 23-Jan-2025 06:51:09
 -) "grbsdo" last loaded on 23-Jan-2025 06:51:05
 -) "grbsrc" last loaded on 23-Jan-2025 06:51:01
 -) "ss_src" last loaded on 23-Jan-2025 06:50:34

PL/SQL procedure successfully completed.

=== DBI Completed at 2025-01-23T06:51:10 for a duration of .11 seconds (started at 2025-01-23T06:51:10)
=== DBI Started: ODBCAPTURE/GRAB_SS_TYPES.pkssql

Package created.

=== DBI Completed at 2025-01-23T06:51:10 for a duration of .09 seconds (started at 2025-01-23T06:51:10)
=== DBI Started: ODBCAPTURE/BUILD_CONF.cldr

Disable Triggers and Foreign Keys

PL/SQL procedure successfully completed.


sqlldr_control=ODBCAPTURE/BUILD_CONF.ctl


PL/SQL procedure successfully completed.

=== DBI Completed at 2025-01-23T06:51:10 for a duration of .34 seconds (started at 2025-01-23T06:51:10)
=== DBI Started: ODBCAPTURE/BUILD_PATH.cldr

Disable Triggers and Foreign Keys
alter table "ODBCAPTURE"."BUILD_PATH" DISABLE constraint "BUILD_PATH_FK1";
alter table "ODBCAPTURE"."BUILD_PATH" DISABLE constraint "BUILD_PATH_FK2";

PL/SQL procedure successfully completed.


sqlldr_control=ODBCAPTURE/BUILD_PATH.ctl


PL/SQL procedure successfully completed.

=== DBI Completed at 2025-01-23T06:51:10 for a duration of .34 seconds (started at 2025-01-23T06:51:10)
=== DBI Started: ODBCAPTURE/DLOAD_CONF.cldr

Disable Triggers and Foreign Keys
alter table "ODBCAPTURE"."DLOAD_CONF" DISABLE constraint "DLOAD_CONF_FK1";
alter table "ODBCAPTURE"."DLOAD_CONF" DISABLE constraint "DLOAD_CONF_FK2";

PL/SQL procedure successfully completed.


sqlldr_control=ODBCAPTURE/DLOAD_CONF.ctl


PL/SQL procedure successfully completed.

=== DBI Completed at 2025-01-23T06:51:12 for a duration of 1.28 seconds (started at 2025-01-23T06:51:10)
=== DBI Started: ODBCAPTURE/OBJECT_CONF.cldr

Disable Triggers and Foreign Keys
alter table "ODBCAPTURE"."OBJECT_CONF" DISABLE constraint "OBJECT_CONF_FK1";
alter table "ODBCAPTURE"."OBJECT_CONF" DISABLE constraint "OBJECT_CONF_FK2";
alter table "ODBCAPTURE"."OBJECT_CONF" DISABLE constraint "OBJECT_CONF_FK3";

PL/SQL procedure successfully completed.


sqlldr_control=ODBCAPTURE/OBJECT_CONF.ctl


PL/SQL procedure successfully completed.

=== DBI Completed at 2025-01-23T06:51:13 for a duration of 1.3 seconds (started at 2025-01-23T06:51:12)
=== DBI Started: ODBCAPTURE/ROLE_CONF.cldr

Disable Triggers and Foreign Keys
alter table "ODBCAPTURE"."ROLE_CONF" DISABLE constraint "ROLE_CONF_FK1";

PL/SQL procedure successfully completed.


sqlldr_control=ODBCAPTURE/ROLE_CONF.ctl


PL/SQL procedure successfully completed.

=== DBI Completed at 2025-01-23T06:51:13 for a duration of .31 seconds (started at 2025-01-23T06:51:13)
=== DBI Started: ODBCAPTURE/SCHEMA_CONF.cldr

Disable Triggers and Foreign Keys
alter table "ODBCAPTURE"."SCHEMA_CONF" DISABLE constraint "SCHEMA_CONF_FK1";

PL/SQL procedure successfully completed.


sqlldr_control=ODBCAPTURE/SCHEMA_CONF.ctl


PL/SQL procedure successfully completed.

=== DBI Completed at 2025-01-23T06:51:14 for a duration of .43 seconds (started at 2025-01-23T06:51:13)
=== DBI Started: ODBCAPTURE/TSPACE_CONF.cldr

Disable Triggers and Foreign Keys
alter table "ODBCAPTURE"."TSPACE_CONF" DISABLE constraint "TSPACE_CONF_FK1";

PL/SQL procedure successfully completed.


sqlldr_control=ODBCAPTURE/TSPACE_CONF.ctl


PL/SQL procedure successfully completed.

=== DBI Completed at 2025-01-23T06:51:15 for a duration of 1.09 seconds (started at 2025-01-23T06:51:14)
=== DBI Started: ODBCAPTURE/USER_DEFINED_TYPE_CONF.cldr

Disable Triggers and Foreign Keys

PL/SQL procedure successfully completed.


sqlldr_control=ODBCAPTURE/USER_DEFINED_TYPE_CONF.ctl


PL/SQL procedure successfully completed.

=== DBI Completed at 2025-01-23T06:51:15 for a duration of .28 seconds (started at 2025-01-23T06:51:15)
=== DBI Started: ODBCAPTURE/GRAB_SS_TYPES.pkbsql

Package body created.

=== DBI Completed at 2025-01-23T06:51:15 for a duration of .16 seconds (started at 2025-01-23T06:51:15)
=== DBI Started: ./installation_finalize.sql

Drop Temp Publicly Updateable Table

Synonym dropped.


Table dropped.


fix_invalid_public_synonyms

Re-create Invalid Public Synonyms

PL/SQL procedure successfully completed.


compile_all
Compile All started
ODBCAPTURE Compiled.
Compile All is done.

PL/SQL procedure successfully completed.


alter_foreign_keys_ENABLE
Alter Foreign Keys started.
  ENABLE 'ODBCAPTURE'
alter table "ODBCAPTURE"."BUILD_PATH" ENABLE constraint "BUILD_PATH_FK1";
alter table "ODBCAPTURE"."BUILD_PATH" ENABLE constraint "BUILD_PATH_FK2";
alter table "ODBCAPTURE"."DLOAD_CONF" ENABLE constraint "DLOAD_CONF_FK1";
alter table "ODBCAPTURE"."DLOAD_CONF" ENABLE constraint "DLOAD_CONF_FK2";
alter table "ODBCAPTURE"."OBJECT_CONF" ENABLE constraint "OBJECT_CONF_FK1";
alter table "ODBCAPTURE"."OBJECT_CONF" ENABLE constraint "OBJECT_CONF_FK2";
alter table "ODBCAPTURE"."OBJECT_CONF" ENABLE constraint "OBJECT_CONF_FK3";
alter table "ODBCAPTURE"."ROLE_CONF" ENABLE constraint "ROLE_CONF_FK1";
alter table "ODBCAPTURE"."SCHEMA_CONF" ENABLE constraint "SCHEMA_CONF_FK1";
alter table "ODBCAPTURE"."TSPACE_CONF" ENABLE constraint "TSPACE_CONF_FK1";
Alter Foreign Keys is done.

PL/SQL procedure successfully completed.


alter_triggers_ENABLE
Alter Triggers started.
  ENABLE 'ODBCAPTURE'
Alter Triggers is done.

PL/SQL procedure successfully completed.


update_id_sequences
Update ID Sequences started
Identity Sequence Updates is done.

PL/SQL procedure successfully completed.


Switch Spooling Off
