=== DBI Started: SYSTEM/MEDIA_DIR.dir

Directory created.


Grant succeeded.

=== DBI Completed at 2025-01-24T00:24:54 for a duration of .12 seconds (started at 2025-01-24T00:24:54)
=== DBI Started: SYSTEM/SS_OE_XMLDIR.dir

Directory created.


Grant succeeded.


Grant succeeded.

=== DBI Completed at 2025-01-24T00:24:54 for a duration of .06 seconds (started at 2025-01-24T00:24:54)
=== DBI Started: SYSTEM/SUBDIR.dir

Directory created.


Grant succeeded.


Grant succeeded.

=== DBI Completed at 2025-01-24T00:24:54 for a duration of .07 seconds (started at 2025-01-24T00:24:54)
=== DBI Started: SYSTEM/HR_usr.grnt

Grant succeeded.


Grant succeeded.


Grant succeeded.


Grant succeeded.


Grant succeeded.


Grant succeeded.


Grant succeeded.


Grant succeeded.


Grant succeeded.

=== DBI Completed at 2025-01-24T00:24:54 for a duration of .16 seconds (started at 2025-01-24T00:24:54)
=== DBI Started: SYSTEM/OE_usr.grnt

Grant succeeded.


Grant succeeded.


Grant succeeded.


Grant succeeded.


Grant succeeded.


Grant succeeded.


Grant succeeded.


Grant succeeded.


Grant succeeded.

=== DBI Completed at 2025-01-24T00:24:55 for a duration of .17 seconds (started at 2025-01-24T00:24:54)
=== DBI Started: SYSTEM/PM_usr.grnt

Grant succeeded.


Grant succeeded.


Grant succeeded.

=== DBI Completed at 2025-01-24T00:24:55 for a duration of .07 seconds (started at 2025-01-24T00:24:55)
