
SQL*Loader: Release 23.0.0.0.0 - Production on Thu Jan 23 00:49:52 2025
Version 23.4.0.24.05

Copyright (c) 1982, 2024, Oracle and/or its affiliates.  All rights reserved.

Control File:   HR/COUNTRIES.ctl
Data File:      HR/COUNTRIES.csv
  Bad File:     HR/COUNTRIES.bad
  Discard File:  none specified
 
 (Allow all discards)

Number to load: ALL
Number to skip: 1
Errors allowed: 50
Bind array:     250 rows, maximum of 1048576 bytes
Continuation:    none specified
Path used:      Conventional
Silent options: FEEDBACK
Table "HR"."COUNTRIES", loaded from every logical record.
Insert option in effect for this table: APPEND
TRAILING NULLCOLS option in effect

   Column Name                  Position   Len  Term Encl Datatype
------------------------------ ---------- ----- ---- ---- ---------------------
COUNTRY_ID                          FIRST     2   ,  O(") CHARACTER            
COUNTRY_NAME                         NEXT    60   ,  O(") CHARACTER            
REGION_ID                            NEXT     *   ,  O(") CHARACTER            


Table "HR"."COUNTRIES":
  25 Rows successfully loaded.
  0 Rows not loaded due to data errors.
  0 Rows not loaded because all WHEN clauses were failed.
  0 Rows not loaded because all fields were null.


Space allocated for bind array:                  81000 bytes(250 rows)
Read   buffer bytes: 1048576

Total logical records skipped:          1
Total logical records read:            25
Total logical records rejected:         0
Total logical records discarded:        0

Run began on Thu Jan 23 00:49:52 2025
Run ended on Thu Jan 23 00:49:53 2025

Elapsed time was:     00:00:01.27
CPU time was:         00:00:00.04
