
SQL*Loader: Release 23.0.0.0.0 - Production on Wed Jan 22 23:33:44 2025
Version 23.4.0.24.05

Copyright (c) 1982, 2024, Oracle and/or its affiliates.  All rights reserved.

Control File:   HR/LOCATIONS.ctl
Data File:      HR/LOCATIONS.csv
  Bad File:     HR/LOCATIONS.bad
  Discard File:  none specified
 
 (Allow all discards)

Number to load: ALL
Number to skip: 1
Errors allowed: 50
Bind array:     250 rows, maximum of 1048576 bytes
Continuation:    none specified
Path used:      Conventional
Silent options: FEEDBACK
Table "HR"."LOCATIONS", loaded from every logical record.
Insert option in effect for this table: APPEND
TRAILING NULLCOLS option in effect

   Column Name                  Position   Len  Term Encl Datatype
------------------------------ ---------- ----- ---- ---- ---------------------
LOCATION_ID                         FIRST     *   ,  O(") CHARACTER            
STREET_ADDRESS                       NEXT    40   ,  O(") CHARACTER            
POSTAL_CODE                          NEXT    12   ,  O(") CHARACTER            
CITY                                 NEXT    30   ,  O(") CHARACTER            
STATE_PROVINCE                       NEXT    25   ,  O(") CHARACTER            
COUNTRY_ID                           NEXT     2   ,  O(") CHARACTER            


Table "HR"."LOCATIONS":
  23 Rows successfully loaded.
  0 Rows not loaded due to data errors.
  0 Rows not loaded because all WHEN clauses were failed.
  0 Rows not loaded because all fields were null.


Space allocated for bind array:                  94500 bytes(250 rows)
Read   buffer bytes: 1048576

Total logical records skipped:          1
Total logical records read:            23
Total logical records rejected:         0
Total logical records discarded:        0

Run began on Wed Jan 22 23:33:44 2025
Run ended on Wed Jan 22 23:33:44 2025

Elapsed time was:     00:00:00.28
CPU time was:         00:00:00.04
