
SQL*Loader: Release 19.0.0.0.0 - Production on Fri Feb 7 00:29:02 2025
Version 19.22.0.0.0

Copyright (c) 1982, 2024, Oracle and/or its affiliates.  All rights reserved.

Control File:   OE/INVENTORIES.ctl
Data File:      OE/INVENTORIES.csv
  Bad File:     OE/INVENTORIES.bad
  Discard File:  none specified
 
 (Allow all discards)

Number to load: ALL
Number to skip: 1
Errors allowed: 50
Bind array:     250 rows, maximum of 1048576 bytes
Continuation:    none specified
Path used:      Conventional
Silent options: FEEDBACK
Table "OE"."INVENTORIES", loaded from every logical record.
Insert option in effect for this table: APPEND
TRAILING NULLCOLS option in effect

   Column Name                  Position   Len  Term Encl Datatype
------------------------------ ---------- ----- ---- ---- ---------------------
PRODUCT_ID                          FIRST     *   ,  O(") CHARACTER            
WAREHOUSE_ID                         NEXT     *   ,  O(") CHARACTER            
QUANTITY_ON_HAND                     NEXT     *   ,  O(") CHARACTER            


Table "OE"."INVENTORIES":
  1112 Rows successfully loaded.
  0 Rows not loaded due to data errors.
  0 Rows not loaded because all WHEN clauses were failed.
  0 Rows not loaded because all fields were null.


Space allocated for bind array:                 193500 bytes(250 rows)
Read   buffer bytes: 1048576

Total logical records skipped:          1
Total logical records read:          1112
Total logical records rejected:         0
Total logical records discarded:        0

Run began on Fri Feb 07 00:29:02 2025
Run ended on Fri Feb 07 00:29:03 2025

Elapsed time was:     00:00:00.69
CPU time was:         00:00:00.15
