
SQL*Loader: Release 23.0.0.0.0 - Production on Thu Jan 23 18:25:35 2025
Version 23.4.0.24.05

Copyright (c) 1982, 2024, Oracle and/or its affiliates.  All rights reserved.

Control File:   HR/JOBS.ctl
Data File:      HR/JOBS.csv
  Bad File:     HR/JOBS.bad
  Discard File:  none specified
 
 (Allow all discards)

Number to load: ALL
Number to skip: 1
Errors allowed: 50
Bind array:     250 rows, maximum of 1048576 bytes
Continuation:    none specified
Path used:      Conventional
Silent options: FEEDBACK
Table "HR"."JOBS", loaded from every logical record.
Insert option in effect for this table: APPEND
TRAILING NULLCOLS option in effect

   Column Name                  Position   Len  Term Encl Datatype
------------------------------ ---------- ----- ---- ---- ---------------------
JOB_ID                              FIRST    10   ,  O(") CHARACTER            
JOB_TITLE                            NEXT    35   ,  O(") CHARACTER            
MIN_SALARY                           NEXT     *   ,  O(") CHARACTER            
MAX_SALARY                           NEXT     *   ,  O(") CHARACTER            


Table "HR"."JOBS":
  19 Rows successfully loaded.
  0 Rows not loaded due to data errors.
  0 Rows not loaded because all WHEN clauses were failed.
  0 Rows not loaded because all fields were null.


Space allocated for bind array:                 141500 bytes(250 rows)
Read   buffer bytes: 1048576

Total logical records skipped:          1
Total logical records read:            19
Total logical records rejected:         0
Total logical records discarded:        0

Run began on Thu Jan 23 18:25:35 2025
Run ended on Thu Jan 23 18:25:35 2025

Elapsed time was:     00:00:00.10
CPU time was:         00:00:00.03
