
SQL*Loader: Release 19.0.0.0.0 - Production on Fri Feb 7 00:28:41 2025
Version 19.22.0.0.0

Copyright (c) 1982, 2024, Oracle and/or its affiliates.  All rights reserved.

Control File:   HR/DEPARTMENTS.ctl
Data File:      HR/DEPARTMENTS.csv
  Bad File:     HR/DEPARTMENTS.bad
  Discard File:  none specified
 
 (Allow all discards)

Number to load: ALL
Number to skip: 1
Errors allowed: 50
Bind array:     250 rows, maximum of 1048576 bytes
Continuation:    none specified
Path used:      Conventional
Silent options: FEEDBACK
Table "HR"."DEPARTMENTS", loaded from every logical record.
Insert option in effect for this table: APPEND
TRAILING NULLCOLS option in effect

   Column Name                  Position   Len  Term Encl Datatype
------------------------------ ---------- ----- ---- ---- ---------------------
DEPARTMENT_ID                       FIRST     *   ,  O(") CHARACTER            
DEPARTMENT_NAME                      NEXT    30   ,  O(") CHARACTER            
MANAGER_ID                           NEXT     *   ,  O(") CHARACTER            
LOCATION_ID                          NEXT     *   ,  O(") CHARACTER            


Table "HR"."DEPARTMENTS":
  27 Rows successfully loaded.
  0 Rows not loaded due to data errors.
  0 Rows not loaded because all WHEN clauses were failed.
  0 Rows not loaded because all fields were null.


Space allocated for bind array:                 201500 bytes(250 rows)
Read   buffer bytes: 1048576

Total logical records skipped:          1
Total logical records read:            27
Total logical records rejected:         0
Total logical records discarded:        0

Run began on Fri Feb 07 00:28:41 2025
Run ended on Fri Feb 07 00:28:42 2025

Elapsed time was:     00:00:00.56
CPU time was:         00:00:00.09
